<?xml version="1.0" encoding="UTF-8"?>
<!-- Generated by org.testng.reporters.JUnitReportReporter -->
<testsuite hostname="Rampudi" failures="0" tests="2" name="Databasetask.LaunchApplication" time="2.843" errors="0" timestamp="03 Jul 2022 18:59:26 GMT" skipped="0">
  <testcase classname="Databasetask.LaunchApplication" name="fnLaunchBrowesr" time="1.561"/>
  <testcase classname="Databasetask.LaunchApplication" name="fnNavigatetoURL" time="1.282"/>
</testsuite> <!-- Databasetask.LaunchApplication -->
