<?xml version="1.0" encoding="UTF-8"?>
<!-- Generated by org.testng.reporters.JUnitReportReporter -->
<testsuite hostname="Rampudi" failures="0" tests="7" name="Tests.CRUDTests" time="32.007" errors="0" timestamp="07 Jul 2022 13:20:29 GMT" skipped="0">
  <testcase classname="Tests.CRUDTests" name="fnReadComputer" time="3.852"/>
  <testcase classname="Tests.CRUDTests" name="fnDeleteComputer" time="4.443"/>
  <testcase classname="Tests.CRUDTests" name="fnVerifyUpdated" time="4.444"/>
  <testcase classname="Tests.CRUDTests" name="fnVerifyCreate" time="3.796"/>
  <testcase classname="Tests.CRUDTests" name="fnUpdateComputer" time="5.032"/>
  <testcase classname="Tests.CRUDTests" name="fnverifydelete" time="4.030"/>
  <testcase classname="Tests.CRUDTests" name="fnCreateComputer" time="6.410"/>
</testsuite> <!-- Tests.CRUDTests -->
